#
# A fatal error has been detected by the Java Runtime Environment:
#
#  EXCEPTION_ACCESS_VIOLATION (0xc0000005) at pc=0x00007fff8efcba39, pid=26200, tid=3080
#
# JRE version: OpenJDK Runtime Environment (17.0.1+12) (build 17.0.1+12-39)
# Java VM: OpenJDK 64-Bit Server VM (17.0.1+12-39, mixed mode, sharing, tiered, compressed oops, compressed class ptrs, g1 gc, windows-amd64)
# Problematic frame:
# C  [ig9icd64.dll+0x68ba39]
#
# No core dump will be written. Minidumps are not enabled by default on client versions of Windows
#
# If you would like to submit a bug report, please visit:
#   https://bugreport.java.com/bugreport/crash.jsp
# The crash happened outside the Java Virtual Machine in native code.
# See problematic frame for where to report the bug.
#

---------------  S U M M A R Y ------------

Command Line: -Djava.library.path=D:\Learning\college\year4\term1\cs 304 new\JOGLwin\lib64 -javaagent:C:\Program Files\JetBrains\IntelliJ IDEA Community Edition 2021.2.3\lib\idea_rt.jar=54517:C:\Program Files\JetBrains\IntelliJ IDEA Community Edition 2021.2.3\bin -Dfile.encoding=UTF-8 com.cs304.lab9.Game.FlappyBird

Host: Intel(R) Core(TM) i7-7500U CPU @ 2.70GHz, 4 cores, 11G,  Windows 10 , 64 bit Build 19041 (10.0.19041.1348)
Time: Mon Dec 27 05:06:40 2021 Egypt Standard Time elapsed time: 13.725981 seconds (0d 0h 0m 13s)

---------------  T H R E A D  ---------------

Current thread (0x0000021d2d9f9420):  JavaThread "AWT-EventQueue-0" [_thread_in_native, id=3080, stack(0x00000024b4800000,0x00000024b4900000)]

Stack: [0x00000024b4800000,0x00000024b4900000],  sp=0x00000024b48fdc30,  free space=1015k
Native frames: (J=compiled Java code, j=interpreted, Vv=VM code, C=native code)
C  [ig9icd64.dll+0x68ba39]

Java frames: (J=compiled Java code, j=interpreted, Vv=VM code)
J 1068  com.sun.opengl.impl.GLImpl.glBegin0(I)V (0 bytes) @ 0x0000021d1ba963e3 [0x0000021d1ba963a0+0x0000000000000043]
J 1085% c2 com.cs304.lab9.Game.FlappyBirdGLEventListener.display(Ljavax/media/opengl/GLAutoDrawable;)V (116 bytes) @ 0x0000021d1baa7590 [0x0000021d1baa7380+0x0000000000000210]
j  com.sun.opengl.impl.GLDrawableHelper.display(Ljavax/media/opengl/GLAutoDrawable;)V+29
j  javax.media.opengl.GLCanvas$DisplayAction.run()V+80
j  com.sun.opengl.impl.GLDrawableHelper.invokeGL(Ljavax/media/opengl/GLDrawable;Ljavax/media/opengl/GLContext;Ljava/lang/Runnable;Ljava/lang/Runnable;)V+418
j  javax.media.opengl.GLCanvas$DisplayOnEventDispatchThreadAction.run()V+35
j  java.awt.event.InvocationEvent.dispatch()V+11 java.desktop@17.0.1
j  java.awt.EventQueue.dispatchEventImpl(Ljava/awt/AWTEvent;Ljava/lang/Object;)V+21 java.desktop@17.0.1
j  java.awt.EventQueue$4.run()Ljava/lang/Void;+32 java.desktop@17.0.1
j  java.awt.EventQueue$4.run()Ljava/lang/Object;+1 java.desktop@17.0.1
J 645 c1 java.security.AccessController.executePrivileged(Ljava/security/PrivilegedAction;Ljava/security/AccessControlContext;Ljava/lang/Class;)Ljava/lang/Object; java.base@17.0.1 (65 bytes) @ 0x0000021d145cf63c [0x0000021d145cf4e0+0x000000000000015c]
j  java.security.AccessController.doPrivileged(Ljava/security/PrivilegedAction;Ljava/security/AccessControlContext;)Ljava/lang/Object;+13 java.base@17.0.1
j  java.security.ProtectionDomain$JavaSecurityAccessImpl.doIntersectionPrivilege(Ljava/security/PrivilegedAction;Ljava/security/AccessControlContext;Ljava/security/AccessControlContext;)Ljava/lang/Object;+18 java.base@17.0.1
j  java.awt.EventQueue.dispatchEvent(Ljava/awt/AWTEvent;)V+46 java.desktop@17.0.1
j  java.awt.EventDispatchThread.pumpOneEventForFilters(I)V+78 java.desktop@17.0.1
j  java.awt.EventDispatchThread.pumpEventsForFilter(ILjava/awt/Conditional;Ljava/awt/EventFilter;)V+35 java.desktop@17.0.1
j  java.awt.EventDispatchThread.pumpEventsForHierarchy(ILjava/awt/Conditional;Ljava/awt/Component;)V+11 java.desktop@17.0.1
j  java.awt.EventDispatchThread.pumpEvents(ILjava/awt/Conditional;)V+4 java.desktop@17.0.1
j  java.awt.EventDispatchThread.pumpEvents(Ljava/awt/Conditional;)V+3 java.desktop@17.0.1
j  java.awt.EventDispatchThread.run()V+9 java.desktop@17.0.1
v  ~StubRoutines::call_stub

siginfo: EXCEPTION_ACCESS_VIOLATION (0xc0000005), reading address 0x0000000000000100


Register to memory mapping:

RIP=0x00007fff8efcba39 ig9icd64.dll
RAX=0x0000000000000100 is an unknown value
RBX=0x0000021d2e0696a0 points into unknown readable memory: 0x00007fff8f64f140 | 40 f1 64 8f ff 7f 00 00
RCX=0x0 is NULL
RDX=0x0 is NULL
RSP=0x00000024b48fdc30 is pointing into the stack for thread: 0x0000021d2d9f9420
RBP=0x00000024b48fdd30 is pointing into the stack for thread: 0x0000021d2d9f9420
RSI=0x0 is NULL
RDI=0x0000021d2dda3c80 points into unknown readable memory: 0x0000021d2db3cd00 | 00 cd b3 2d 1d 02 00 00
R8 =0x00000024b48fdca3 is pointing into the stack for thread: 0x0000021d2d9f9420
R9 =0x0000000000000018 is an unknown value
R10=0x00000000000001ff is an unknown value
R11=0x00000024b48fe980 is pointing into the stack for thread: 0x0000021d2d9f9420
R12=0x00000024b48fde70 is pointing into the stack for thread: 0x0000021d2d9f9420
R13=0x0 is NULL
R14=0x0000000000000001 is an unknown value
R15=0x0 is NULL


Registers:
RAX=0x0000000000000100, RBX=0x0000021d2e0696a0, RCX=0x0000000000000000, RDX=0x0000000000000000
RSP=0x00000024b48fdc30, RBP=0x00000024b48fdd30, RSI=0x0000000000000000, RDI=0x0000021d2dda3c80
R8 =0x00000024b48fdca3, R9 =0x0000000000000018, R10=0x00000000000001ff, R11=0x00000024b48fe980
R12=0x00000024b48fde70, R13=0x0000000000000000, R14=0x0000000000000001, R15=0x0000000000000000
RIP=0x00007fff8efcba39, EFLAGS=0x0000000000010206

Top of Stack: (sp=0x00000024b48fdc30)
0x00000024b48fdc30:   00000024b48fe7e0 00000024b48fdd30
0x00000024b48fdc40:   0000000000000000 0000021d2dda3c80
0x00000024b48fdc50:   0000021d2ec30500 ffffffffffffff00
0x00000024b48fdc60:   0000021d0000001d 0000021d02dba9f0
0x00000024b48fdc70:   0000021d02dba270 00007fffcf8c6d77
0x00000024b48fdc80:   0000021d02dba270 0000000100000001
0x00000024b48fdc90:   0000000100000000 ffffffffffffffff
0x00000024b48fdca0:   0000001d00000000 0000021d02da0730
0x00000024b48fdcb0:   0000000000000000 0000000000000000
0x00000024b48fdcc0:   00000024b48fde70 0000000000000000
0x00000024b48fdcd0:   00000024b48fe7e0 0000000000000000
0x00000024b48fdce0:   0000021d2e0696a0 0000000000000000
0x00000024b48fdcf0:   0000000000000000 0000000000000000
0x00000024b48fdd00:   0000000000000000 0000000000000000
0x00000024b48fdd10:   0000000000000000 0000000000000000
0x00000024b48fdd20:   0000000000000000 0000000000000000 

Instructions: (pc=0x00007fff8efcba39)
0x00007fff8efcb939:   c0 74 2f 48 8d 0c d2 49 8d 04 c8 eb 43 48 8b 55
0x00007fff8efcb949:   88 48 8b 82 98 05 00 00 48 85 c0 74 19 39 08 74
0x00007fff8efcb959:   0b 48 8b 40 50 48 85 c0 75 f3 eb 0a 48 83 c0 08
0x00007fff8efcb969:   eb 1e 48 8b 55 88 80 ba a0 05 00 00 00 74 1b 8b
0x00007fff8efcb979:   c1 83 e0 0f 48 8d 04 c0 48 8d 40 20 48 8d 04 c2
0x00007fff8efcb989:   48 85 c0 74 05 48 8b 08 eb 03 48 8b ce 48 8b 87
0x00007fff8efcb999:   70 4b 03 00 48 3b 88 48 01 00 00 0f 87 ab 00 00
0x00007fff8efcb9a9:   00 8b 8f c0 94 03 00 83 f9 10 73 0e 48 8d 41 04
0x00007fff8efcb9b9:   48 8d 04 c1 48 8b 55 80 eb 6d 8d 51 f0 8b c2 c1
0x00007fff8efcb9c9:   e8 04 83 f8 03 73 21 0f ae e8 83 e2 0f 4c 8b 45
0x00007fff8efcb9d9:   80 4d 8b 84 c0 80 05 00 00 4d 85 c0 74 2f 48 8d
0x00007fff8efcb9e9:   0c d2 49 8d 04 c8 eb 43 48 8b 55 80 48 8b 82 98
0x00007fff8efcb9f9:   05 00 00 48 85 c0 74 19 39 08 74 0b 48 8b 40 50
0x00007fff8efcba09:   48 85 c0 75 f3 eb 0a 48 83 c0 08 eb 1e 48 8b 55
0x00007fff8efcba19:   80 80 ba a0 05 00 00 00 74 1b 8b c1 83 e0 0f 48
0x00007fff8efcba29:   8d 04 c0 48 8d 40 20 48 8d 04 c2 48 85 c0 74 05
0x00007fff8efcba39:   48 8b 08 eb 03 48 8b ce 48 8b 87 70 4b 03 00 48
0x00007fff8efcba49:   3b 88 48 01 00 00 0f 86 82 01 00 00 65 48 8b 14
0x00007fff8efcba59:   25 58 00 00 00 8b 05 34 cd 8b 00 48 8b 04 c2 41
0x00007fff8efcba69:   8b 0c 01 39 0d b6 6e 8c 00 0f 8e b6 00 00 00 48
0x00007fff8efcba79:   8d 0d a9 6e 8c 00 e8 a4 32 e9 ff 83 3d 9d 6e 8c
0x00007fff8efcba89:   00 ff 0f 85 9d 00 00 00 48 89 b5 f8 02 00 00 c7
0x00007fff8efcba99:   85 fc 02 00 00 00 04 00 00 48 89 b5 e0 02 00 00
0x00007fff8efcbaa9:   c7 85 e4 02 00 00 04 00 00 00 48 89 b5 68 05 00
0x00007fff8efcbab9:   00 c7 85 6c 05 00 00 08 00 00 00 48 89 b5 50 05
0x00007fff8efcbac9:   00 00 c7 85 54 05 00 00 10 00 00 00 48 89 b5 38
0x00007fff8efcbad9:   05 00 00 c7 85 3c 05 00 00 00 00 10 00 48 8b 85
0x00007fff8efcbae9:   38 05 00 00 48 0b 85 50 05 00 00 48 0b 85 68 05
0x00007fff8efcbaf9:   00 00 48 0b 85 e0 02 00 00 48 0b 85 f8 02 00 00
0x00007fff8efcbb09:   48 c7 05 24 6e 8c 00 00 00 00 00 48 89 35 25 6e
0x00007fff8efcbb19:   8c 00 48 89 05 0e 6e 8c 00 48 8d 0d ff 6d 8c 00
0x00007fff8efcbb29:   e8 8e 31 e9 ff 48 8b 8f 38 89 03 00 80 39 00 74 


Stack slot to memory mapping:
stack at sp + 0 slots: 0x00000024b48fe7e0 is pointing into the stack for thread: 0x0000021d2d9f9420
stack at sp + 1 slots: 0x00000024b48fdd30 is pointing into the stack for thread: 0x0000021d2d9f9420
stack at sp + 2 slots: 0x0 is NULL
stack at sp + 3 slots: 0x0000021d2dda3c80 points into unknown readable memory: 0x0000021d2db3cd00 | 00 cd b3 2d 1d 02 00 00
stack at sp + 4 slots: 0x0000021d2ec30500 points into unknown readable memory: 0x00007fffcf90deb0 | b0 de 90 cf ff 7f 00 00
stack at sp + 5 slots: 0xffffffffffffff00 is an unknown value
stack at sp + 6 slots: 0x0000021d0000001d points into unknown readable memory: 00 00 00
stack at sp + 7 slots: 0x0000021d02dba9f0 points into unknown readable memory: 0x0000000000000000 | 00 00 00 00 00 00 00 00


---------------  P R O C E S S  ---------------

Threads class SMR info:
_java_thread_list=0x0000021d2dc982a0, length=18, elements={
0x0000021d2c519120, 0x0000021d2c51a730, 0x0000021d2c532c90, 0x0000021d2c533840,
0x0000021d2c5341f0, 0x0000021d2c534ba0, 0x0000021d2c535930, 0x0000021d2c596eb0,
0x0000021d2c5b6fd0, 0x0000021d2d07c740, 0x0000021d2d16a800, 0x0000021d2d149da0,
0x0000021d2d2e40d0, 0x0000021d2d2e4a20, 0x0000021d2d9b8100, 0x0000021d2d9f9420,
0x0000021d0c73a8a0, 0x0000021d2f2d0740
}

Java Threads: ( => current thread )
  0x0000021d2c519120 JavaThread "Reference Handler" daemon [_thread_blocked, id=24216, stack(0x00000024b3700000,0x00000024b3800000)]
  0x0000021d2c51a730 JavaThread "Finalizer" daemon [_thread_blocked, id=24488, stack(0x00000024b3800000,0x00000024b3900000)]
  0x0000021d2c532c90 JavaThread "Signal Dispatcher" daemon [_thread_blocked, id=31220, stack(0x00000024b3900000,0x00000024b3a00000)]
  0x0000021d2c533840 JavaThread "Attach Listener" daemon [_thread_blocked, id=28360, stack(0x00000024b3a00000,0x00000024b3b00000)]
  0x0000021d2c5341f0 JavaThread "Service Thread" daemon [_thread_blocked, id=15248, stack(0x00000024b3b00000,0x00000024b3c00000)]
  0x0000021d2c534ba0 JavaThread "Monitor Deflation Thread" daemon [_thread_blocked, id=22024, stack(0x00000024b3c00000,0x00000024b3d00000)]
  0x0000021d2c535930 JavaThread "C2 CompilerThread0" daemon [_thread_blocked, id=21944, stack(0x00000024b3d00000,0x00000024b3e00000)]
  0x0000021d2c596eb0 JavaThread "C1 CompilerThread0" daemon [_thread_blocked, id=23884, stack(0x00000024b3e00000,0x00000024b3f00000)]
  0x0000021d2c5b6fd0 JavaThread "Sweeper thread" daemon [_thread_blocked, id=31408, stack(0x00000024b3f00000,0x00000024b4000000)]
  0x0000021d2d07c740 JavaThread "Common-Cleaner" daemon [_thread_blocked, id=28852, stack(0x00000024b4000000,0x00000024b4100000)]
  0x0000021d2d16a800 JavaThread "Monitor Ctrl-Break" daemon [_thread_in_native, id=21452, stack(0x00000024b4100000,0x00000024b4200000)]
  0x0000021d2d149da0 JavaThread "Notification Thread" daemon [_thread_blocked, id=31440, stack(0x00000024b4200000,0x00000024b4300000)]
  0x0000021d2d2e40d0 JavaThread "Java2D Disposer" daemon [_thread_blocked, id=30052, stack(0x00000024b4400000,0x00000024b4500000)]
  0x0000021d2d2e4a20 JavaThread "AWT-Shutdown" [_thread_blocked, id=22028, stack(0x00000024b4500000,0x00000024b4600000)]
  0x0000021d2d9b8100 JavaThread "Timer-0" [_thread_blocked, id=21708, stack(0x00000024b4700000,0x00000024b4800000)]
=>0x0000021d2d9f9420 JavaThread "AWT-EventQueue-0" [_thread_in_native, id=3080, stack(0x00000024b4800000,0x00000024b4900000)]
  0x0000021d0c73a8a0 JavaThread "DestroyJavaVM" [_thread_blocked, id=30800, stack(0x00000024b3000000,0x00000024b3100000)]
  0x0000021d2f2d0740 JavaThread "SIGINT handler" daemon [_thread_blocked, id=28356, stack(0x00000024b4d00000,0x00000024b4e00000)]

Other Threads:
  0x0000021d2c514000 VMThread "VM Thread" [stack: 0x00000024b3600000,0x00000024b3700000] [id=31680]
  0x0000021d0c73ba70 WatcherThread [stack: 0x00000024b4300000,0x00000024b4400000] [id=20256]
  0x0000021d0c77b880 GCTaskThread "GC Thread#0" [stack: 0x00000024b3100000,0x00000024b3200000] [id=6596]
  0x0000021d2dfd4270 GCTaskThread "GC Thread#1" [stack: 0x00000024b4c00000,0x00000024b4d00000] [id=11896]
  0x0000021d2dfd4520 GCTaskThread "GC Thread#2" [stack: 0x00000024b4e00000,0x00000024b4f00000] [id=31492]
  0x0000021d2dd26580 GCTaskThread "GC Thread#3" [stack: 0x00000024b4f00000,0x00000024b5000000] [id=23728]
  0x0000021d0c789650 ConcurrentGCThread "G1 Main Marker" [stack: 0x00000024b3200000,0x00000024b3300000] [id=27120]
  0x0000021d0c78a060 ConcurrentGCThread "G1 Conc#0" [stack: 0x00000024b3300000,0x00000024b3400000] [id=30936]
  0x0000021d2c3e0090 ConcurrentGCThread "G1 Refine#0" [stack: 0x00000024b3400000,0x00000024b3500000] [id=26832]
  0x0000021d2dd1b320 ConcurrentGCThread "G1 Refine#1" [stack: 0x00000024b5000000,0x00000024b5100000] [id=23872]
  0x0000021d2c3e0ab0 ConcurrentGCThread "G1 Service" [stack: 0x00000024b3500000,0x00000024b3600000] [id=31544]

Threads with active compile tasks:

VM state: not at safepoint (normal execution)

VM Mutex/Monitor currently owned by a thread: None

Heap address: 0x0000000741800000, size: 3048 MB, Compressed Oops mode: Zero based, Oop shift amount: 3

CDS archive(s) mapped at: [0x0000000800000000-0x0000000800bc0000-0x0000000800bc0000), size 12320768, SharedBaseAddress: 0x0000000800000000, ArchiveRelocationMode: 0.
Compressed class space mapped at: 0x0000000800c00000-0x0000000840c00000, reserved size: 1073741824
Narrow klass base: 0x0000000800000000, Narrow klass shift: 0, Narrow klass range: 0x100000000

GC Precious Log:
 CPUs: 4 total, 4 available
 Memory: 12188M
 Large Page Support: Disabled
 NUMA Support: Disabled
 Compressed Oops: Enabled (Zero based)
 Heap Region Size: 2M
 Heap Min Capacity: 8M
 Heap Initial Capacity: 192M
 Heap Max Capacity: 3048M
 Pre-touch: Disabled
 Parallel Workers: 4
 Concurrent Workers: 1
 Concurrent Refinement Workers: 4
 Periodic GC: Disabled

Heap:
 garbage-first heap   total 196608K, used 38290K [0x0000000741800000, 0x0000000800000000)
  region size 2048K, 13 young (26624K), 1 survivors (2048K)
 Metaspace       used 11822K, committed 12032K, reserved 1064960K
  class space    used 1239K, committed 1344K, reserved 1048576K

Heap Regions: E=young(eden), S=young(survivor), O=old, HS=humongous(starts), HC=humongous(continues), CS=collection set, F=free, OA=open archive, CA=closed archive, TAMS=top-at-mark-start (previous, next)
|   0|0x0000000741800000, 0x0000000741800000, 0x0000000741a00000|  0%| F|  |TAMS 0x0000000741800000, 0x0000000741800000| Untracked 
|   1|0x0000000741a00000, 0x0000000741c00000, 0x0000000741c00000|100%| O|  |TAMS 0x0000000741a00000, 0x0000000741a00000| Untracked 
|   2|0x0000000741c00000, 0x0000000741c00000, 0x0000000741e00000|  0%| F|  |TAMS 0x0000000741c00000, 0x0000000741c00000| Untracked 
|   3|0x0000000741e00000, 0x0000000741f1c600, 0x0000000742000000| 55%| O|  |TAMS 0x0000000741e00000, 0x0000000741e00000| Untracked 
|   4|0x0000000742000000, 0x0000000742200000, 0x0000000742200000|100%|HS|  |TAMS 0x0000000742000000, 0x0000000742000000| Complete 
|   5|0x0000000742200000, 0x0000000742400000, 0x0000000742400000|100%|HC|  |TAMS 0x0000000742200000, 0x0000000742200000| Complete 
|   6|0x0000000742400000, 0x0000000742600000, 0x0000000742600000|100%|HS|  |TAMS 0x0000000742400000, 0x0000000742400000| Complete 
|   7|0x0000000742600000, 0x0000000742800000, 0x0000000742800000|100%|HC|  |TAMS 0x0000000742600000, 0x0000000742600000| Complete 
|   8|0x0000000742800000, 0x0000000742a00000, 0x0000000742a00000|100%|HS|  |TAMS 0x0000000742800000, 0x0000000742800000| Complete 
|   9|0x0000000742a00000, 0x0000000742c00000, 0x0000000742c00000|100%|HC|  |TAMS 0x0000000742a00000, 0x0000000742a00000| Complete 
|  10|0x0000000742c00000, 0x0000000742c00000, 0x0000000742e00000|  0%| F|  |TAMS 0x0000000742c00000, 0x0000000742c00000| Untracked 
|  11|0x0000000742e00000, 0x0000000742e00000, 0x0000000743000000|  0%| F|  |TAMS 0x0000000742e00000, 0x0000000742e00000| Untracked 
|  12|0x0000000743000000, 0x0000000743000000, 0x0000000743200000|  0%| F|  |TAMS 0x0000000743000000, 0x0000000743000000| Untracked 
|  13|0x0000000743200000, 0x0000000743200000, 0x0000000743400000|  0%| F|  |TAMS 0x0000000743200000, 0x0000000743200000| Untracked 
|  14|0x0000000743400000, 0x0000000743400000, 0x0000000743600000|  0%| F|  |TAMS 0x0000000743400000, 0x0000000743400000| Untracked 
|  15|0x0000000743600000, 0x0000000743600000, 0x0000000743800000|  0%| F|  |TAMS 0x0000000743600000, 0x0000000743600000| Untracked 
|  16|0x0000000743800000, 0x0000000743800000, 0x0000000743a00000|  0%| F|  |TAMS 0x0000000743800000, 0x0000000743800000| Untracked 
|  17|0x0000000743a00000, 0x0000000743a00000, 0x0000000743c00000|  0%| F|  |TAMS 0x0000000743a00000, 0x0000000743a00000| Untracked 
|  18|0x0000000743c00000, 0x0000000743c00000, 0x0000000743e00000|  0%| F|  |TAMS 0x0000000743c00000, 0x0000000743c00000| Untracked 
|  19|0x0000000743e00000, 0x0000000743e00000, 0x0000000744000000|  0%| F|  |TAMS 0x0000000743e00000, 0x0000000743e00000| Untracked 
|  20|0x0000000744000000, 0x0000000744000000, 0x0000000744200000|  0%| F|  |TAMS 0x0000000744000000, 0x0000000744000000| Untracked 
|  21|0x0000000744200000, 0x0000000744200000, 0x0000000744400000|  0%| F|  |TAMS 0x0000000744200000, 0x0000000744200000| Untracked 
|  22|0x0000000744400000, 0x0000000744400000, 0x0000000744600000|  0%| F|  |TAMS 0x0000000744400000, 0x0000000744400000| Untracked 
|  23|0x0000000744600000, 0x0000000744600000, 0x0000000744800000|  0%| F|  |TAMS 0x0000000744600000, 0x0000000744600000| Untracked 
|  24|0x0000000744800000, 0x0000000744800000, 0x0000000744a00000|  0%| F|  |TAMS 0x0000000744800000, 0x0000000744800000| Untracked 
|  25|0x0000000744a00000, 0x0000000744a00000, 0x0000000744c00000|  0%| F|  |TAMS 0x0000000744a00000, 0x0000000744a00000| Untracked 
|  26|0x0000000744c00000, 0x0000000744c00000, 0x0000000744e00000|  0%| F|  |TAMS 0x0000000744c00000, 0x0000000744c00000| Untracked 
|  27|0x0000000744e00000, 0x0000000744e00000, 0x0000000745000000|  0%| F|  |TAMS 0x0000000744e00000, 0x0000000744e00000| Untracked 
|  28|0x0000000745000000, 0x0000000745000000, 0x0000000745200000|  0%| F|  |TAMS 0x0000000745000000, 0x0000000745000000| Untracked 
|  29|0x0000000745200000, 0x0000000745200000, 0x0000000745400000|  0%| F|  |TAMS 0x0000000745200000, 0x0000000745200000| Untracked 
|  30|0x0000000745400000, 0x0000000745400000, 0x0000000745600000|  0%| F|  |TAMS 0x0000000745400000, 0x0000000745400000| Untracked 
|  31|0x0000000745600000, 0x0000000745600000, 0x0000000745800000|  0%| F|  |TAMS 0x0000000745600000, 0x0000000745600000| Untracked 
|  32|0x0000000745800000, 0x0000000745800000, 0x0000000745a00000|  0%| F|  |TAMS 0x0000000745800000, 0x0000000745800000| Untracked 
|  33|0x0000000745a00000, 0x0000000745a00000, 0x0000000745c00000|  0%| F|  |TAMS 0x0000000745a00000, 0x0000000745a00000| Untracked 
|  34|0x0000000745c00000, 0x0000000745c00000, 0x0000000745e00000|  0%| F|  |TAMS 0x0000000745c00000, 0x0000000745c00000| Untracked 
|  35|0x0000000745e00000, 0x0000000745e00000, 0x0000000746000000|  0%| F|  |TAMS 0x0000000745e00000, 0x0000000745e00000| Untracked 
|  36|0x0000000746000000, 0x0000000746000000, 0x0000000746200000|  0%| F|  |TAMS 0x0000000746000000, 0x0000000746000000| Untracked 
|  37|0x0000000746200000, 0x0000000746200000, 0x0000000746400000|  0%| F|  |TAMS 0x0000000746200000, 0x0000000746200000| Untracked 
|  38|0x0000000746400000, 0x0000000746400000, 0x0000000746600000|  0%| F|  |TAMS 0x0000000746400000, 0x0000000746400000| Untracked 
|  39|0x0000000746600000, 0x0000000746600000, 0x0000000746800000|  0%| F|  |TAMS 0x0000000746600000, 0x0000000746600000| Untracked 
|  40|0x0000000746800000, 0x0000000746800000, 0x0000000746a00000|  0%| F|  |TAMS 0x0000000746800000, 0x0000000746800000| Untracked 
|  41|0x0000000746a00000, 0x0000000746a00000, 0x0000000746c00000|  0%| F|  |TAMS 0x0000000746a00000, 0x0000000746a00000| Untracked 
|  42|0x0000000746c00000, 0x0000000746c00000, 0x0000000746e00000|  0%| F|  |TAMS 0x0000000746c00000, 0x0000000746c00000| Untracked 
|  43|0x0000000746e00000, 0x0000000746e00000, 0x0000000747000000|  0%| F|  |TAMS 0x0000000746e00000, 0x0000000746e00000| Untracked 
|  44|0x0000000747000000, 0x0000000747000000, 0x0000000747200000|  0%| F|  |TAMS 0x0000000747000000, 0x0000000747000000| Untracked 
|  45|0x0000000747200000, 0x0000000747200000, 0x0000000747400000|  0%| F|  |TAMS 0x0000000747200000, 0x0000000747200000| Untracked 
|  46|0x0000000747400000, 0x0000000747400000, 0x0000000747600000|  0%| F|  |TAMS 0x0000000747400000, 0x0000000747400000| Untracked 
|  47|0x0000000747600000, 0x0000000747600000, 0x0000000747800000|  0%| F|  |TAMS 0x0000000747600000, 0x0000000747600000| Untracked 
|  48|0x0000000747800000, 0x0000000747800000, 0x0000000747a00000|  0%| F|  |TAMS 0x0000000747800000, 0x0000000747800000| Untracked 
|  49|0x0000000747a00000, 0x0000000747a00000, 0x0000000747c00000|  0%| F|  |TAMS 0x0000000747a00000, 0x0000000747a00000| Untracked 
|  50|0x0000000747c00000, 0x0000000747c00000, 0x0000000747e00000|  0%| F|  |TAMS 0x0000000747c00000, 0x0000000747c00000| Untracked 
|  51|0x0000000747e00000, 0x0000000747e00000, 0x0000000748000000|  0%| F|  |TAMS 0x0000000747e00000, 0x0000000747e00000| Untracked 
|  52|0x0000000748000000, 0x0000000748000000, 0x0000000748200000|  0%| F|  |TAMS 0x0000000748000000, 0x0000000748000000| Untracked 
|  53|0x0000000748200000, 0x0000000748200000, 0x0000000748400000|  0%| F|  |TAMS 0x0000000748200000, 0x0000000748200000| Untracked 
|  54|0x0000000748400000, 0x0000000748400000, 0x0000000748600000|  0%| F|  |TAMS 0x0000000748400000, 0x0000000748400000| Untracked 
|  55|0x0000000748600000, 0x0000000748600000, 0x0000000748800000|  0%| F|  |TAMS 0x0000000748600000, 0x0000000748600000| Untracked 
|  56|0x0000000748800000, 0x0000000748800000, 0x0000000748a00000|  0%| F|  |TAMS 0x0000000748800000, 0x0000000748800000| Untracked 
|  57|0x0000000748a00000, 0x0000000748a00000, 0x0000000748c00000|  0%| F|  |TAMS 0x0000000748a00000, 0x0000000748a00000| Untracked 
|  58|0x0000000748c00000, 0x0000000748c00000, 0x0000000748e00000|  0%| F|  |TAMS 0x0000000748c00000, 0x0000000748c00000| Untracked 
|  59|0x0000000748e00000, 0x0000000748e00000, 0x0000000749000000|  0%| F|  |TAMS 0x0000000748e00000, 0x0000000748e00000| Untracked 
|  60|0x0000000749000000, 0x0000000749000000, 0x0000000749200000|  0%| F|  |TAMS 0x0000000749000000, 0x0000000749000000| Untracked 
|  61|0x0000000749200000, 0x0000000749200000, 0x0000000749400000|  0%| F|  |TAMS 0x0000000749200000, 0x0000000749200000| Untracked 
|  62|0x0000000749400000, 0x0000000749400000, 0x0000000749600000|  0%| F|  |TAMS 0x0000000749400000, 0x0000000749400000| Untracked 
|  63|0x0000000749600000, 0x0000000749600000, 0x0000000749800000|  0%| F|  |TAMS 0x0000000749600000, 0x0000000749600000| Untracked 
|  64|0x0000000749800000, 0x0000000749800000, 0x0000000749a00000|  0%| F|  |TAMS 0x0000000749800000, 0x0000000749800000| Untracked 
|  65|0x0000000749a00000, 0x0000000749a00000, 0x0000000749c00000|  0%| F|  |TAMS 0x0000000749a00000, 0x0000000749a00000| Untracked 
|  66|0x0000000749c00000, 0x0000000749c00000, 0x0000000749e00000|  0%| F|  |TAMS 0x0000000749c00000, 0x0000000749c00000| Untracked 
|  67|0x0000000749e00000, 0x0000000749e00000, 0x000000074a000000|  0%| F|  |TAMS 0x0000000749e00000, 0x0000000749e00000| Untracked 
|  68|0x000000074a000000, 0x000000074a000000, 0x000000074a200000|  0%| F|  |TAMS 0x000000074a000000, 0x000000074a000000| Untracked 
|  69|0x000000074a200000, 0x000000074a200000, 0x000000074a400000|  0%| F|  |TAMS 0x000000074a200000, 0x000000074a200000| Untracked 
|  70|0x000000074a400000, 0x000000074a400000, 0x000000074a600000|  0%| F|  |TAMS 0x000000074a400000, 0x000000074a400000| Untracked 
|  71|0x000000074a600000, 0x000000074a600000, 0x000000074a800000|  0%| F|  |TAMS 0x000000074a600000, 0x000000074a600000| Untracked 
|  72|0x000000074a800000, 0x000000074a800000, 0x000000074aa00000|  0%| F|  |TAMS 0x000000074a800000, 0x000000074a800000| Untracked 
|  73|0x000000074aa00000, 0x000000074aa00000, 0x000000074ac00000|  0%| F|  |TAMS 0x000000074aa00000, 0x000000074aa00000| Untracked 
|  74|0x000000074ac00000, 0x000000074ac00000, 0x000000074ae00000|  0%| F|  |TAMS 0x000000074ac00000, 0x000000074ac00000| Untracked 
|  75|0x000000074ae00000, 0x000000074ae00000, 0x000000074b000000|  0%| F|  |TAMS 0x000000074ae00000, 0x000000074ae00000| Untracked 
|  76|0x000000074b000000, 0x000000074b000000, 0x000000074b200000|  0%| F|  |TAMS 0x000000074b000000, 0x000000074b000000| Untracked 
|  77|0x000000074b200000, 0x000000074b200000, 0x000000074b400000|  0%| F|  |TAMS 0x000000074b200000, 0x000000074b200000| Untracked 
|  78|0x000000074b400000, 0x000000074b400000, 0x000000074b600000|  0%| F|  |TAMS 0x000000074b400000, 0x000000074b400000| Untracked 
|  79|0x000000074b600000, 0x000000074b600000, 0x000000074b800000|  0%| F|  |TAMS 0x000000074b600000, 0x000000074b600000| Untracked 
|  80|0x000000074b800000, 0x000000074b800000, 0x000000074ba00000|  0%| F|  |TAMS 0x000000074b800000, 0x000000074b800000| Untracked 
|  81|0x000000074ba00000, 0x000000074ba00000, 0x000000074bc00000|  0%| F|  |TAMS 0x000000074ba00000, 0x000000074ba00000| Untracked 
|  82|0x000000074bc00000, 0x000000074bc00000, 0x000000074be00000|  0%| F|  |TAMS 0x000000074bc00000, 0x000000074bc00000| Untracked 
|  83|0x000000074be00000, 0x000000074bfd7de0, 0x000000074c000000| 92%| E|  |TAMS 0x000000074be00000, 0x000000074be00000| Complete 
|  84|0x000000074c000000, 0x000000074c200000, 0x000000074c200000|100%| E|CS|TAMS 0x000000074c000000, 0x000000074c000000| Complete 
|  85|0x000000074c200000, 0x000000074c400000, 0x000000074c400000|100%| E|CS|TAMS 0x000000074c200000, 0x000000074c200000| Complete 
|  86|0x000000074c400000, 0x000000074c600000, 0x000000074c600000|100%| E|CS|TAMS 0x000000074c400000, 0x000000074c400000| Complete 
|  87|0x000000074c600000, 0x000000074c800000, 0x000000074c800000|100%| E|CS|TAMS 0x000000074c600000, 0x000000074c600000| Complete 
|  88|0x000000074c800000, 0x000000074c848558, 0x000000074ca00000| 14%| S|CS|TAMS 0x000000074c800000, 0x000000074c800000| Complete 
|  89|0x000000074ca00000, 0x000000074cc00000, 0x000000074cc00000|100%| E|CS|TAMS 0x000000074ca00000, 0x000000074ca00000| Complete 
|  90|0x000000074cc00000, 0x000000074ce00000, 0x000000074ce00000|100%| E|CS|TAMS 0x000000074cc00000, 0x000000074cc00000| Complete 
|  91|0x000000074ce00000, 0x000000074d000000, 0x000000074d000000|100%| E|CS|TAMS 0x000000074ce00000, 0x000000074ce00000| Complete 
|  92|0x000000074d000000, 0x000000074d200000, 0x000000074d200000|100%| E|CS|TAMS 0x000000074d000000, 0x000000074d000000| Complete 
|  93|0x000000074d200000, 0x000000074d400000, 0x000000074d400000|100%| E|CS|TAMS 0x000000074d200000, 0x000000074d200000| Complete 
|  94|0x000000074d400000, 0x000000074d600000, 0x000000074d600000|100%| E|CS|TAMS 0x000000074d400000, 0x000000074d400000| Complete 
|  95|0x000000074d600000, 0x000000074d800000, 0x000000074d800000|100%| E|CS|TAMS 0x000000074d600000, 0x000000074d600000| Complete 

Card table byte_map: [0x0000021d23540000,0x0000021d23b40000] _byte_map_base: 0x0000021d1fb34000

Marking Bits (Prev, Next): (CMBitMap*) 0x0000021d0c77be90, (CMBitMap*) 0x0000021d0c77bed0
 Prev Bits: [0x0000021d24140000, 0x0000021d270e0000)
 Next Bits: [0x0000021d270e0000, 0x0000021d2a080000)

Polling page: 0x0000021d0a710000

Metaspace:

Usage:
  Non-class:     10.33 MB used.
      Class:      1.21 MB used.
       Both:     11.55 MB used.

Virtual space:
  Non-class space:       16.00 MB reserved,      10.44 MB ( 65%) committed,  2 nodes.
      Class space:        1.00 GB reserved,       1.31 MB ( <1%) committed,  1 nodes.
             Both:        1.02 GB reserved,      11.75 MB (  1%) committed. 

Chunk freelists:
   Non-Class:  816.00 KB
       Class:  2.64 MB
        Both:  3.44 MB

MaxMetaspaceSize: unlimited
CompressedClassSpaceSize: 1.00 GB
Initial GC threshold: 21.00 MB
Current GC threshold: 21.00 MB
CDS: on
MetaspaceReclaimPolicy: balanced
 - commit_granule_bytes: 65536.
 - commit_granule_words: 8192.
 - virtual_space_node_default_size: 1048576.
 - enlarge_chunks_in_place: 1.
 - new_chunks_are_fully_committed: 0.
 - uncommit_free_chunks: 1.
 - use_allocation_guard: 0.
 - handle_deallocations: 1.


Internal statistics:

num_allocs_failed_limit: 0.
num_arena_births: 122.
num_arena_deaths: 0.
num_vsnodes_births: 3.
num_vsnodes_deaths: 0.
num_space_committed: 186.
num_space_uncommitted: 0.
num_chunks_returned_to_freelist: 0.
num_chunks_taken_from_freelist: 236.
num_chunk_merges: 0.
num_chunk_splits: 146.
num_chunks_enlarged: 82.
num_purges: 0.
num_inconsistent_stats: 0.

CodeHeap 'non-profiled nmethods': size=120000Kb used=613Kb max_used=613Kb free=119386Kb
 bounds [0x0000021d1ba10000, 0x0000021d1bc80000, 0x0000021d22f40000]
CodeHeap 'profiled nmethods': size=120000Kb used=1843Kb max_used=1843Kb free=118156Kb
 bounds [0x0000021d144e0000, 0x0000021d14750000, 0x0000021d1ba10000]
CodeHeap 'non-nmethods': size=5760Kb used=1440Kb max_used=1500Kb free=4319Kb
 bounds [0x0000021d13f40000, 0x0000021d141b0000, 0x0000021d144e0000]
 total_blobs=1956 nmethods=1140 adapters=729
 compilation: enabled
              stopped_count=0, restarted_count=0
 full_count=0

Compilation events (20 events):
Event: 7.993 Thread 0x0000021d2c596eb0 1131       3       sun.awt.windows.WGlobalCursorManager::nativeUpdateCursor (8 bytes)
Event: 7.993 Thread 0x0000021d2c596eb0 nmethod 1131 0x0000021d146a7610 code [0x0000021d146a77e0, 0x0000021d146a7bb8]
Event: 7.993 Thread 0x0000021d2c596eb0 1132       3       sun.awt.GlobalCursorManager::updateCursorLater (23 bytes)
Event: 7.993 Thread 0x0000021d2c596eb0 nmethod 1132 0x0000021d146a7d10 code [0x0000021d146a7ee0, 0x0000021d146a8148]
Event: 7.993 Thread 0x0000021d2c596eb0 1133   !   3       sun.awt.GlobalCursorManager$NativeUpdater::postIfNotPending (48 bytes)
Event: 7.994 Thread 0x0000021d2c596eb0 nmethod 1133 0x0000021d146a8290 code [0x0000021d146a8480, 0x0000021d146a8b88]
Event: 11.665 Thread 0x0000021d2c596eb0 1134       3       java.util.concurrent.locks.AbstractQueuedSynchronizer::compareAndSetState (13 bytes)
Event: 11.665 Thread 0x0000021d2c596eb0 nmethod 1134 0x0000021d146a8e10 code [0x0000021d146a8fa0, 0x0000021d146a90d8]
Event: 11.673 Thread 0x0000021d2c596eb0 1135       3       java.util.concurrent.locks.AbstractQueuedSynchronizer::signalNext (34 bytes)
Event: 11.673 Thread 0x0000021d2c596eb0 nmethod 1135 0x0000021d146a9190 code [0x0000021d146a9340, 0x0000021d146a95d8]
Event: 12.465 Thread 0x0000021d2c596eb0 1136   !   3       sun.awt.PostEventQueue::postEvent (81 bytes)
Event: 12.465 Thread 0x0000021d2c596eb0 nmethod 1136 0x0000021d146a9790 code [0x0000021d146a99e0, 0x0000021d146aa578]
Event: 12.465 Thread 0x0000021d2c596eb0 1137       3       sun.awt.SunToolkit::wakeupEventQueue (11 bytes)
Event: 12.466 Thread 0x0000021d2c596eb0 nmethod 1137 0x0000021d146aaa10 code [0x0000021d146aac20, 0x0000021d146ab158]
Event: 12.466 Thread 0x0000021d2c596eb0 1138       3       sun.awt.AWTAccessor::getEventQueueAccessor (15 bytes)
Event: 12.466 Thread 0x0000021d2c596eb0 nmethod 1138 0x0000021d146ab410 code [0x0000021d146ab600, 0x0000021d146ab9c8]
Event: 12.466 Thread 0x0000021d2c596eb0 1139       3       java.awt.EventQueue$2::wakeup (6 bytes)
Event: 12.466 Thread 0x0000021d2c596eb0 nmethod 1139 0x0000021d146abb90 code [0x0000021d146abd40, 0x0000021d146abe88]
Event: 12.466 Thread 0x0000021d2c596eb0 1140   !   3       java.awt.EventQueue::wakeup (79 bytes)
Event: 12.466 Thread 0x0000021d2c596eb0 nmethod 1140 0x0000021d146abf90 code [0x0000021d146ac1e0, 0x0000021d146aca18]

GC Heap History (4 events):
Event: 1.068 GC heap before
{Heap before GC invocations=0 (full 0):
 garbage-first heap   total 196608K, used 12288K [0x0000000741800000, 0x0000000800000000)
  region size 2048K, 6 young (12288K), 0 survivors (0K)
 Metaspace       used 11408K, committed 11648K, reserved 1064960K
  class space    used 1219K, committed 1344K, reserved 1048576K
}
Event: 1.076 GC heap after
{Heap after GC invocations=1 (full 0):
 garbage-first heap   total 196608K, used 5172K [0x0000000741800000, 0x0000000800000000)
  region size 2048K, 1 young (2048K), 1 survivors (2048K)
 Metaspace       used 11408K, committed 11648K, reserved 1064960K
  class space    used 1219K, committed 1344K, reserved 1048576K
}
Event: 1.178 GC heap before
{Heap before GC invocations=1 (full 0):
 garbage-first heap   total 196608K, used 17460K [0x0000000741800000, 0x0000000800000000)
  region size 2048K, 7 young (14336K), 1 survivors (2048K)
 Metaspace       used 11479K, committed 11712K, reserved 1064960K
  class space    used 1222K, committed 1344K, reserved 1048576K
}
Event: 1.181 GC heap after
{Heap after GC invocations=2 (full 0):
 garbage-first heap   total 196608K, used 3474K [0x0000000741800000, 0x0000000800000000)
  region size 2048K, 1 young (2048K), 1 survivors (2048K)
 Metaspace       used 11479K, committed 11712K, reserved 1064960K
  class space    used 1222K, committed 1344K, reserved 1048576K
}

Deoptimization events (20 events):
Event: 1.573 Thread 0x0000021d2d9f9420 DEOPT PACKING pc=0x0000021d1467a350 sp=0x00000024b48feab0
Event: 1.573 Thread 0x0000021d2d9f9420 DEOPT UNPACKING pc=0x0000021d13f92b43 sp=0x00000024b48fdf78 mode 0
Event: 1.576 Thread 0x0000021d2d9f9420 DEOPT PACKING pc=0x0000021d1467a350 sp=0x00000024b48feab0
Event: 1.576 Thread 0x0000021d2d9f9420 DEOPT UNPACKING pc=0x0000021d13f92b43 sp=0x00000024b48fdf78 mode 0
Event: 1.577 Thread 0x0000021d2d9f9420 DEOPT PACKING pc=0x0000021d1467a350 sp=0x00000024b48feab0
Event: 1.577 Thread 0x0000021d2d9f9420 DEOPT UNPACKING pc=0x0000021d13f92b43 sp=0x00000024b48fdf78 mode 0
Event: 1.852 Thread 0x0000021d2d9f9420 DEOPT PACKING pc=0x0000021d1466a691 sp=0x00000024b48fe850
Event: 1.852 Thread 0x0000021d2d9f9420 DEOPT UNPACKING pc=0x0000021d13f92b43 sp=0x00000024b48fdeb8 mode 0
Event: 1.853 Thread 0x0000021d2d9f9420 DEOPT PACKING pc=0x0000021d1466a691 sp=0x00000024b48fe850
Event: 1.853 Thread 0x0000021d2d9f9420 DEOPT UNPACKING pc=0x0000021d13f92b43 sp=0x00000024b48fdeb8 mode 0
Event: 1.887 Thread 0x0000021d2d9f9420 DEOPT PACKING pc=0x0000021d1467a350 sp=0x00000024b48feab0
Event: 1.887 Thread 0x0000021d2d9f9420 DEOPT UNPACKING pc=0x0000021d13f92b43 sp=0x00000024b48fdf78 mode 0
Event: 1.959 Thread 0x0000021d2d9f9420 DEOPT PACKING pc=0x0000021d1466a691 sp=0x00000024b48fe850
Event: 1.959 Thread 0x0000021d2d9f9420 DEOPT UNPACKING pc=0x0000021d13f92b43 sp=0x00000024b48fdeb8 mode 0
Event: 1.959 Thread 0x0000021d2d9f9420 Uncommon trap: trap_request=0xffffff45 fr.pc=0x0000021d1ba85dc0 relative=0x0000000000008160
Event: 1.959 Thread 0x0000021d2d9f9420 Uncommon trap: reason=unstable_if action=reinterpret pc=0x0000021d1ba85dc0 method=com.sun.opengl.impl.mipmap.ScaleInternal.scale_internal_ubyte(IIILjava/nio/ByteBuffer;IILjava/nio/ByteBuffer;III)V @ 866 c2
Event: 1.959 Thread 0x0000021d2d9f9420 DEOPT PACKING pc=0x0000021d1ba85dc0 sp=0x00000024b48fea50
Event: 1.959 Thread 0x0000021d2d9f9420 DEOPT UNPACKING pc=0x0000021d13f923a3 sp=0x00000024b48fe9b8 mode 2
Event: 2.369 Thread 0x0000021d2d9f9420 DEOPT PACKING pc=0x0000021d1468cca5 sp=0x00000024b48feef0
Event: 2.369 Thread 0x0000021d2d9f9420 DEOPT UNPACKING pc=0x0000021d13f92b43 sp=0x00000024b48fe428 mode 0

Classes unloaded (0 events):
No events

Classes redefined (0 events):
No events

Internal exceptions (20 events):
Event: 0.431 Thread 0x0000021d0c73a8a0 Exception <a 'java/lang/ClassNotFoundException'{0x000000074d2d85c0}: Button> (0x000000074d2d85c0) 
thrown [t:\workspace\open\src\hotspot\share\classfile\systemDictionary.cpp, line 256]
Event: 0.431 Thread 0x0000021d0c73a8a0 Exception <a 'java/lang/ClassNotFoundException'{0x000000074d2d8a88}: ToolBar> (0x000000074d2d8a88) 
thrown [t:\workspace\open\src\hotspot\share\classfile\systemDictionary.cpp, line 256]
Event: 0.431 Thread 0x0000021d0c73a8a0 Exception <a 'java/lang/ClassNotFoundException'{0x000000074d2d8df8}: ToggleButton> (0x000000074d2d8df8) 
thrown [t:\workspace\open\src\hotspot\share\classfile\systemDictionary.cpp, line 256]
Event: 0.431 Thread 0x0000021d0c73a8a0 Exception <a 'java/lang/ClassNotFoundException'{0x000000074d2d9238}: javax/swing/JToolBarSeparator> (0x000000074d2d9238) 
thrown [t:\workspace\open\src\hotspot\share\classfile\systemDictionary.cpp, line 256]
Event: 0.431 Thread 0x0000021d0c73a8a0 Exception <a 'java/lang/ClassNotFoundException'{0x000000074d2d9540}: ToolBarSeparator> (0x000000074d2d9540) 
thrown [t:\workspace\open\src\hotspot\share\classfile\systemDictionary.cpp, line 256]
Event: 0.431 Thread 0x0000021d0c73a8a0 Exception <a 'java/lang/ClassNotFoundException'{0x000000074d2d9a58}: ToolTip> (0x000000074d2d9a58) 
thrown [t:\workspace\open\src\hotspot\share\classfile\systemDictionary.cpp, line 256]
Event: 0.432 Thread 0x0000021d0c73a8a0 Exception <a 'java/lang/ClassNotFoundException'{0x000000074d2da3a8}: Tree> (0x000000074d2da3a8) 
thrown [t:\workspace\open\src\hotspot\share\classfile\systemDictionary.cpp, line 256]
Event: 0.432 Thread 0x0000021d0c73a8a0 Exception <a 'java/lang/ClassNotFoundException'{0x000000074d2da8a0}: Tree> (0x000000074d2da8a0) 
thrown [t:\workspace\open\src\hotspot\share\classfile\systemDictionary.cpp, line 256]
Event: 0.432 Thread 0x0000021d0c73a8a0 Exception <a 'java/lang/ClassNotFoundException'{0x000000074d2dac10}: javax/swing/JTreeCell> (0x000000074d2dac10) 
thrown [t:\workspace\open\src\hotspot\share\classfile\systemDictionary.cpp, line 256]
Event: 0.432 Thread 0x0000021d0c73a8a0 Exception <a 'java/lang/ClassNotFoundException'{0x000000074d2daf10}: TreeCell> (0x000000074d2daf10) 
thrown [t:\workspace\open\src\hotspot\share\classfile\systemDictionary.cpp, line 256]
Event: 0.433 Thread 0x0000021d0c73a8a0 Exception <a 'java/lang/ClassNotFoundException'{0x000000074d2db6d0}: RootPane> (0x000000074d2db6d0) 
thrown [t:\workspace\open\src\hotspot\share\classfile\systemDictionary.cpp, line 256]
Event: 0.435 Thread 0x0000021d0c73a8a0 Exception <a 'java/lang/ClassNotFoundException'{0x000000074d2de520}: com/sun/swing/internal/plaf/metal/resources/spi/metalProvider> (0x000000074d2de520) 
thrown [t:\workspace\open\src\hotspot\share\classfile\systemDictionary.cpp, line 256]
Event: 0.437 Thread 0x0000021d0c73a8a0 Exception <a 'java/lang/ClassNotFoundException'{0x000000074d2e20d0}: com/sun/swing/internal/plaf/basic/resources/spi/basicProvider> (0x000000074d2e20d0) 
thrown [t:\workspace\open\src\hotspot\share\classfile\systemDictionary.cpp, line 256]
Event: 0.457 Thread 0x0000021d0c73a8a0 Exception <a 'java/lang/ClassNotFoundException'{0x000000074d338060}: com/sun/swing/internal/plaf/synth/resources/spi/synthProvider> (0x000000074d338060) 
thrown [t:\workspace\open\src\hotspot\share\classfile\systemDictionary.cpp, line 256]
Event: 0.648 Thread 0x0000021d0c73a8a0 Exception <a 'java/lang/NoSuchMethodError'{0x000000074d1ba340}: 'void java.lang.invoke.DirectMethodHandle$Holder.invokeStaticInit(java.lang.Object)'> (0x000000074d1ba340) 
thrown [t:\workspace\open\src\hotspot\share\interpreter\linkResolver.cpp, line 766]
Event: 0.671 Thread 0x0000021d0c73a8a0 Exception <a 'java/lang/NoSuchMethodError'{0x000000074ce6b128}: 'java.lang.Object java.lang.invoke.DirectMethodHandle$Holder.invokeInterface(java.lang.Object, java.lang.Object)'> (0x000000074ce6b128) 
thrown [t:\workspace\open\src\hotspot\share\interpreter\linkResolver.cpp, line 766]
Event: 0.672 Thread 0x0000021d0c73a8a0 Exception <a 'java/lang/IncompatibleClassChangeError'{0x000000074ce6e920}: Found class java.lang.Object, but interface was expected> (0x000000074ce6e920) 
thrown [t:\workspace\open\src\hotspot\share\interpreter\linkResolver.cpp, line 833]
Event: 0.707 Thread 0x0000021d2d2fc060 Exception <a 'java/lang/NoSuchMethodError'{0x000000074d5463a0}: 'void java.lang.invoke.DirectMethodHandle$Holder.invokeVirtual(java.lang.Object, java.lang.Object)'> (0x000000074d5463a0) 
thrown [t:\workspace\open\src\hotspot\share\interpreter\linkResolver.cpp, line 766]
Event: 0.831 Thread 0x0000021d2d9f9420 Exception <a 'java/lang/NoSuchMethodError'{0x000000074cfb8130}: 'java.lang.Object java.lang.invoke.DirectMethodHandle$Holder.invokeStaticInit(java.lang.Object, int, int, int, int)'> (0x000000074cfb8130) 
thrown [t:\workspace\open\src\hotspot\share\interpreter\linkResolver.cpp, line 766]
Event: 0.981 Thread 0x0000021d2d9f9420 Exception <a 'java/lang/NoSuchMethodError'{0x000000074cffb8f0}: 'java.lang.Object java.lang.invoke.DirectMethodHandle$Holder.invokeStaticInit(java.lang.Object, java.lang.Object, int, int, int, int)'> (0x000000074cffb8f0) 
thrown [t:\workspace\open\src\hotspot\share\interpreter\linkResolver.cpp, line 766]

VM Operations (20 events):
Event: 0.144 Executing VM operation: HandshakeAllThreads
Event: 0.144 Executing VM operation: HandshakeAllThreads done
Event: 0.382 Executing VM operation: HandshakeAllThreads
Event: 0.382 Executing VM operation: HandshakeAllThreads done
Event: 0.479 Executing VM operation: HandshakeAllThreads
Event: 0.479 Executing VM operation: HandshakeAllThreads done
Event: 0.816 Executing VM operation: HandshakeAllThreads
Event: 0.816 Executing VM operation: HandshakeAllThreads done
Event: 1.067 Executing VM operation: G1CollectForAllocation
Event: 1.077 Executing VM operation: G1CollectForAllocation done
Event: 1.178 Executing VM operation: G1CollectForAllocation
Event: 1.181 Executing VM operation: G1CollectForAllocation done
Event: 3.181 Executing VM operation: Cleanup
Event: 3.181 Executing VM operation: Cleanup done
Event: 4.182 Executing VM operation: Cleanup
Event: 4.182 Executing VM operation: Cleanup done
Event: 8.183 Executing VM operation: Cleanup
Event: 8.184 Executing VM operation: Cleanup done
Event: 9.184 Executing VM operation: Cleanup
Event: 9.184 Executing VM operation: Cleanup done

Events (20 events):
Event: 1.583 loading class sun/awt/image/BytePackedRaster
Event: 1.583 loading class sun/awt/image/BytePackedRaster done
Event: 2.111 loading class java/lang/Math$RandomNumberGeneratorHolder
Event: 2.111 loading class java/lang/Math$RandomNumberGeneratorHolder done
Event: 2.116 Thread 0x0000021d2dfd38e0 Thread exited: 0x0000021d2dfd38e0
Event: 5.241 loading class java/awt/event/MouseWheelEvent
Event: 5.241 loading class java/awt/event/MouseWheelEvent done
Event: 13.683 loading class jdk/internal/misc/Signal$1
Event: 13.684 loading class jdk/internal/misc/Signal$1 done
Event: 13.684 Thread 0x0000021d2f2d0740 Thread added: 0x0000021d2f2d0740
Event: 13.684 Thread 0x0000021d2dcded60 Thread added: 0x0000021d2dcded60
Event: 13.684 Thread 0x0000021d2dcde3c0 Thread added: 0x0000021d2dcde3c0
Event: 13.684 Thread 0x0000021d2dce0570 Thread added: 0x0000021d2dce0570
Event: 13.685 Thread 0x0000021d2dce0570 Thread exited: 0x0000021d2dce0570
Event: 13.685 loading class java/util/WeakHashMap$KeyIterator
Event: 13.686 loading class java/util/WeakHashMap$HashIterator
Event: 13.686 loading class java/util/WeakHashMap$HashIterator done
Event: 13.686 loading class java/util/WeakHashMap$KeyIterator done
Event: 13.686 Thread 0x0000021d2dcded60 Thread exited: 0x0000021d2dcded60
Event: 13.694 Thread 0x0000021d2d2fc060 Thread exited: 0x0000021d2d2fc060


Dynamic libraries:
0x00007ff7cecd0000 - 0x00007ff7cecde000 	C:\Users\MohamedRashad\.jdks\openjdk-17.0.1\bin\java.exe
0x00007fffddf50000 - 0x00007fffde145000 	C:\Windows\SYSTEM32\ntdll.dll
0x00007fffdd000000 - 0x00007fffdd0be000 	C:\Windows\System32\KERNEL32.DLL
0x00007fffdbbb0000 - 0x00007fffdbe78000 	C:\Windows\System32\KERNELBASE.dll
0x00007fffdb890000 - 0x00007fffdb990000 	C:\Windows\System32\ucrtbase.dll
0x00007fffd3b10000 - 0x00007fffd3b2a000 	C:\Users\MohamedRashad\.jdks\openjdk-17.0.1\bin\VCRUNTIME140.dll
0x00007fffd4d00000 - 0x00007fffd4d18000 	C:\Users\MohamedRashad\.jdks\openjdk-17.0.1\bin\jli.dll
0x00007fffdd990000 - 0x00007fffddb31000 	C:\Windows\System32\USER32.dll
0x00007fffdba20000 - 0x00007fffdba42000 	C:\Windows\System32\win32u.dll
0x00007fffdd830000 - 0x00007fffdd85b000 	C:\Windows\System32\GDI32.dll
0x00007fffdb6b0000 - 0x00007fffdb7bd000 	C:\Windows\System32\gdi32full.dll
0x00007fffdb7f0000 - 0x00007fffdb88d000 	C:\Windows\System32\msvcp_win.dll
0x00007fffc00e0000 - 0x00007fffc037a000 	C:\Windows\WinSxS\amd64_microsoft.windows.common-controls_6595b64144ccf1df_6.0.19041.1110_none_60b5254171f9507e\COMCTL32.dll
0x00007fffdd860000 - 0x00007fffdd8fe000 	C:\Windows\System32\msvcrt.dll
0x00007fffdd800000 - 0x00007fffdd830000 	C:\Windows\System32\IMM32.DLL
0x00007fffd50b0000 - 0x00007fffd50bc000 	C:\Users\MohamedRashad\.jdks\openjdk-17.0.1\bin\vcruntime140_1.dll
0x00007fffafdc0000 - 0x00007fffafe4d000 	C:\Users\MohamedRashad\.jdks\openjdk-17.0.1\bin\msvcp140.dll
0x00007fff96f40000 - 0x00007fff97afe000 	C:\Users\MohamedRashad\.jdks\openjdk-17.0.1\bin\server\jvm.dll
0x00007fffdc2a0000 - 0x00007fffdc34c000 	C:\Windows\System32\ADVAPI32.dll
0x00007fffdd750000 - 0x00007fffdd7eb000 	C:\Windows\System32\sechost.dll
0x00007fffdcb90000 - 0x00007fffdccba000 	C:\Windows\System32\RPCRT4.dll
0x00007fffdcaa0000 - 0x00007fffdcaa8000 	C:\Windows\System32\PSAPI.DLL
0x00007fffd3b90000 - 0x00007fffd3b99000 	C:\Windows\SYSTEM32\WSOCK32.dll
0x00007fffce170000 - 0x00007fffce197000 	C:\Windows\SYSTEM32\WINMM.dll
0x00007fffdce40000 - 0x00007fffdceab000 	C:\Windows\System32\WS2_32.dll
0x00007fffdb1e0000 - 0x00007fffdb1ea000 	C:\Windows\SYSTEM32\VERSION.dll
0x00007fffd94e0000 - 0x00007fffd94f2000 	C:\Windows\SYSTEM32\kernel.appcore.dll
0x00007fffd4cf0000 - 0x00007fffd4cfa000 	C:\Users\MohamedRashad\.jdks\openjdk-17.0.1\bin\jimage.dll
0x00007fffcf380000 - 0x00007fffcf564000 	C:\Windows\SYSTEM32\DBGHELP.DLL
0x00007fffcf350000 - 0x00007fffcf37c000 	C:\Windows\SYSTEM32\dbgcore.DLL
0x00007fffdb990000 - 0x00007fffdba12000 	C:\Windows\System32\bcryptPrimitives.dll
0x00007fffd3ba0000 - 0x00007fffd3bae000 	C:\Users\MohamedRashad\.jdks\openjdk-17.0.1\bin\instrument.dll
0x00007fffd27f0000 - 0x00007fffd2815000 	C:\Users\MohamedRashad\.jdks\openjdk-17.0.1\bin\java.dll
0x00007fffa2580000 - 0x00007fffa2656000 	C:\Users\MohamedRashad\.jdks\openjdk-17.0.1\bin\svml.dll
0x00007fffdc350000 - 0x00007fffdca94000 	C:\Windows\System32\SHELL32.dll
0x00007fffd96e0000 - 0x00007fffd9e74000 	C:\Windows\SYSTEM32\windows.storage.dll
0x00007fffddb40000 - 0x00007fffdde95000 	C:\Windows\System32\combase.dll
0x00007fffdb040000 - 0x00007fffdb06e000 	C:\Windows\SYSTEM32\Wldp.dll
0x00007fffdcd90000 - 0x00007fffdce3d000 	C:\Windows\System32\SHCORE.dll
0x00007fffddea0000 - 0x00007fffddef5000 	C:\Windows\System32\shlwapi.dll
0x00007fffdb5a0000 - 0x00007fffdb5bf000 	C:\Windows\SYSTEM32\profapi.dll
0x00007fffd26e0000 - 0x00007fffd26f8000 	C:\Users\MohamedRashad\.jdks\openjdk-17.0.1\bin\zip.dll
0x00007fffd16a0000 - 0x00007fffd16b9000 	C:\Users\MohamedRashad\.jdks\openjdk-17.0.1\bin\net.dll
0x00007fffc7770000 - 0x00007fffc787c000 	C:\Windows\SYSTEM32\WINHTTP.dll
0x00007fffdada0000 - 0x00007fffdae0a000 	C:\Windows\system32\mswsock.dll
0x00007fffd1670000 - 0x00007fffd1685000 	C:\Users\MohamedRashad\.jdks\openjdk-17.0.1\bin\nio.dll
0x00007fffd1650000 - 0x00007fffd166a000 	C:\Program Files\JetBrains\IntelliJ IDEA Community Edition 2021.2.3\bin\breakgen64.dll
0x00007fff9b130000 - 0x00007fff9b2be000 	C:\Users\MohamedRashad\.jdks\openjdk-17.0.1\bin\awt.dll
0x00007fffdcf30000 - 0x00007fffdcffd000 	C:\Windows\System32\OLEAUT32.dll
0x00007fffd8e20000 - 0x00007fffd8eb0000 	C:\Windows\SYSTEM32\apphelp.dll
0x00007fffd8f60000 - 0x00007fffd8ffe000 	C:\Windows\system32\uxtheme.dll
0x00007fffdbf90000 - 0x00007fffdc0a5000 	C:\Windows\System32\MSCTF.dll
0x00007fffdc110000 - 0x00007fffdc23a000 	C:\Windows\System32\ole32.dll
0x00007fffd9300000 - 0x00007fffd932f000 	C:\Windows\system32\DWMAPI.DLL
0x00007fff9d1d0000 - 0x00007fff9d259000 	C:\Users\MohamedRashad\.jdks\openjdk-17.0.1\bin\freetype.dll
0x00007fff9c780000 - 0x00007fff9c828000 	C:\Users\MohamedRashad\.jdks\openjdk-17.0.1\bin\fontmanager.dll
0x00007fffbea20000 - 0x00007fffbeb45000 	C:\Windows\system32\opengl32.dll
0x00007fffd0e70000 - 0x00007fffd0e9c000 	C:\Windows\SYSTEM32\GLU32.dll
0x00007fffd26d0000 - 0x00007fffd26e0000 	C:\Users\MohamedRashad\.jdks\openjdk-17.0.1\bin\verify.dll
0x0000000010000000 - 0x000000001005a000 	D:\Learning\college\year4\term1\cs 304 new\JOGLwin\lib64\jogl.dll
0x0000000074290000 - 0x0000000074359000 	C:\Windows\WinSxS\amd64_microsoft.vc80.crt_1fc8b3b9a1e18e3b_8.0.50727.9672_none_88e266cb2fac7c0d\MSVCR80.dll
0x00007fffc7340000 - 0x00007fffc7347000 	C:\Users\MohamedRashad\.jdks\openjdk-17.0.1\bin\jawt.dll
0x0000000000440000 - 0x0000000000447000 	D:\Learning\college\year4\term1\cs 304 new\JOGLwin\lib64\jogl_awt.dll
0x00007fffd57e0000 - 0x00007fffd58d9000 	C:\Windows\SYSTEM32\textinputframework.dll
0x00007fffd8500000 - 0x00007fffd885e000 	C:\Windows\System32\CoreUIComponents.dll
0x00007fffd8be0000 - 0x00007fffd8cd2000 	C:\Windows\System32\CoreMessaging.dll
0x00007fffda2e0000 - 0x00007fffda313000 	C:\Windows\SYSTEM32\ntmarta.dll
0x00007fffd7520000 - 0x00007fffd7674000 	C:\Windows\SYSTEM32\wintypes.dll
0x00007fffdcce0000 - 0x00007fffdcd89000 	C:\Windows\System32\clbcatq.dll
0x00007fff8e940000 - 0x00007fff8f956000 	C:\Windows\System32\DriverStore\FileRepository\iigd_dch.inf_amd64_bb614eb89871cffc\ig9icd64.dll
0x00007fffd9ee0000 - 0x00007fffd9fd4000 	C:\Windows\system32\dxgi.dll
0x00007fff93420000 - 0x00007fff93884000 	C:\Windows\System32\DriverStore\FileRepository\iigd_dch.inf_amd64_bb614eb89871cffc\igdml64.dll
0x00007fffcf5f0000 - 0x00007fffcf9ad000 	C:\Windows\System32\DriverStore\FileRepository\iigd_dch.inf_amd64_bb614eb89871cffc\igdgmm64.dll
0x00007fffc93a0000 - 0x00007fffcc5d8000 	C:\Windows\System32\DriverStore\FileRepository\iigd_dch.inf_amd64_bb614eb89871cffc\igc64.dll
0x00007fffdab60000 - 0x00007fffdabab000 	C:\Windows\SYSTEM32\powrprof.dll
0x00007fffdaa20000 - 0x00007fffdaa32000 	C:\Windows\SYSTEM32\UMPDC.dll
0x00007fffdaf90000 - 0x00007fffdafa8000 	C:\Windows\SYSTEM32\CRYPTSP.dll
0x00007fffda6b0000 - 0x00007fffda6e4000 	C:\Windows\system32\rsaenh.dll
0x00007fffdb7c0000 - 0x00007fffdb7e7000 	C:\Windows\System32\bcrypt.dll
0x00007fffdb520000 - 0x00007fffdb54e000 	C:\Windows\SYSTEM32\USERENV.dll
0x00007fffdafb0000 - 0x00007fffdafbc000 	C:\Windows\SYSTEM32\CRYPTBASE.dll
0x00007fffdaa40000 - 0x00007fffdaa7b000 	C:\Windows\SYSTEM32\IPHLPAPI.DLL
0x00007fffddf00000 - 0x00007fffddf08000 	C:\Windows\System32\NSI.dll
0x00007fffcea70000 - 0x00007fffcea87000 	C:\Windows\SYSTEM32\dhcpcsvc6.DLL
0x00007fffce860000 - 0x00007fffce87d000 	C:\Windows\SYSTEM32\dhcpcsvc.DLL
0x00007fffdaa90000 - 0x00007fffdab5b000 	C:\Windows\SYSTEM32\DNSAPI.dll

dbghelp: loaded successfully - version: 4.0.5 - missing functions: none
symbol engine: initialized successfully - sym options: 0x614 - pdb path: .;C:\Users\MohamedRashad\.jdks\openjdk-17.0.1\bin;C:\Windows\SYSTEM32;C:\Windows\WinSxS\amd64_microsoft.windows.common-controls_6595b64144ccf1df_6.0.19041.1110_none_60b5254171f9507e;C:\Users\MohamedRashad\.jdks\openjdk-17.0.1\bin\server;C:\Program Files\JetBrains\IntelliJ IDEA Community Edition 2021.2.3\bin;D:\Learning\college\year4\term1\cs 304 new\JOGLwin\lib64;C:\Windows\WinSxS\amd64_microsoft.vc80.crt_1fc8b3b9a1e18e3b_8.0.50727.9672_none_88e266cb2fac7c0d;C:\Windows\System32\DriverStore\FileRepository\iigd_dch.inf_amd64_bb614eb89871cffc

VM Arguments:
jvm_args: -Djava.library.path=D:\Learning\college\year4\term1\cs 304 new\JOGLwin\lib64 -javaagent:C:\Program Files\JetBrains\IntelliJ IDEA Community Edition 2021.2.3\lib\idea_rt.jar=54517:C:\Program Files\JetBrains\IntelliJ IDEA Community Edition 2021.2.3\bin -Dfile.encoding=UTF-8 
java_command: com.cs304.lab9.Game.FlappyBird
java_class_path (initial): D:\Learning\college\year4\term1\cs 304 new\Game final\out\production\CS304-Fall2022;D:\Learning\college\year4\term1\cs 304 new\JOGLwin\lib64\gluegen-rt.jar;D:\Learning\college\year4\term1\cs 304 new\JOGLwin\lib64\jogl.jar
Launcher Type: SUN_STANDARD

[Global flags]
     intx CICompilerCount                          = 3                                         {product} {ergonomic}
     uint ConcGCThreads                            = 1                                         {product} {ergonomic}
     uint G1ConcRefinementThreads                  = 4                                         {product} {ergonomic}
   size_t G1HeapRegionSize                         = 2097152                                   {product} {ergonomic}
    uintx GCDrainStackTargetSize                   = 64                                        {product} {ergonomic}
   size_t InitialHeapSize                          = 201326592                                 {product} {ergonomic}
   size_t MarkStackSize                            = 4194304                                   {product} {ergonomic}
   size_t MaxHeapSize                              = 3196059648                                {product} {ergonomic}
   size_t MaxNewSize                               = 1916796928                                {product} {ergonomic}
   size_t MinHeapDeltaBytes                        = 2097152                                   {product} {ergonomic}
   size_t MinHeapSize                              = 8388608                                   {product} {ergonomic}
    uintx NonNMethodCodeHeapSize                   = 5832780                                {pd product} {ergonomic}
    uintx NonProfiledCodeHeapSize                  = 122912730                              {pd product} {ergonomic}
    uintx ProfiledCodeHeapSize                     = 122912730                              {pd product} {ergonomic}
    uintx ReservedCodeCacheSize                    = 251658240                              {pd product} {ergonomic}
     bool SegmentedCodeCache                       = true                                      {product} {ergonomic}
   size_t SoftMaxHeapSize                          = 3196059648                             {manageable} {ergonomic}
     bool UseCompressedClassPointers               = true                           {product lp64_product} {ergonomic}
     bool UseCompressedOops                        = true                           {product lp64_product} {ergonomic}
     bool UseG1GC                                  = true                                      {product} {ergonomic}
     bool UseLargePagesIndividualAllocation        = false                                  {pd product} {ergonomic}

Logging:
Log output configuration:
 #0: stdout all=warning uptime,level,tags
 #1: stderr all=off uptime,level,tags

Environment Variables:
PATH=C:\Program Files (x86)\Common Files\Oracle\Java\javapath;C:\Windows\system32;C:\Windows;C:\Windows\System32\Wbem;C:\Windows\System32\WindowsPowerShell\v1.0\;C:\Windows\System32\OpenSSH\;C:\Program Files\Crucial\Crucial Storage Executive;C:\Users\MohamedRashad\AppData\Local\Microsoft\WindowsApps;
USERNAME=MohamedRashad
OS=Windows_NT
PROCESSOR_IDENTIFIER=Intel64 Family 6 Model 142 Stepping 9, GenuineIntel



---------------  S Y S T E M  ---------------

OS:
 Windows 10 , 64 bit Build 19041 (10.0.19041.1348)
OS uptime: 6 days 13:51 hours

CPU: total 4 (initial active 4) (2 cores per cpu, 2 threads per core) family 6 model 142 stepping 9 microcode 0xb4, cx8, cmov, fxsr, ht, mmx, 3dnowpref, sse, sse2, sse3, ssse3, sse4.1, sse4.2, popcnt, lzcnt, tsc, tscinvbit, avx, avx2, aes, erms, clmul, bmi1, bmi2, adx, fma, vzeroupper, clflush, clflushopt

Memory: 4k page, system-wide physical 12188M (771M free)
TotalPageFile size 16329M (AvailPageFile size 3676M)
current process WorkingSet (physical memory assigned to process): 2176M, peak: 2177M
current process commit charge ("private bytes"): 2346M, peak: 2346M

vm_info: OpenJDK 64-Bit Server VM (17.0.1+12-39) for windows-amd64 JRE (17.0.1+12-39), built on Sep 27 2021 18:39:29 by "mach5one" with MS VC++ 16.8 (VS2019)

END.
